D:\PROGRAMDATA\VISUALSTUDIO2010\FYP\MOVEIT\DEBUG\MOVEIT.EXE
D:\PROGRAMDATA\VISUALSTUDIO2010\FYP\MOVEIT\DEBUG\MOVEIT.ILK
D:\PROGRAMDATA\VISUALSTUDIO2010\FYP\MOVEIT\DEBUG\MOVEIT.PDB
D:\ProgramData\VisualStudio2010\FYP\MoveIt\MoveIt\Debug\cl.command.1.tlog
D:\ProgramData\VisualStudio2010\FYP\MoveIt\MoveIt\Debug\CL.read.1.tlog
D:\ProgramData\VisualStudio2010\FYP\MoveIt\MoveIt\Debug\CL.write.1.tlog
D:\PROGRAMDATA\VISUALSTUDIO2010\FYP\MOVEIT\MOVEIT\DEBUG\GAMEAPP.OBJ
D:\ProgramData\VisualStudio2010\FYP\MoveIt\MoveIt\Debug\link.1580.read.1.tlog
D:\ProgramData\VisualStudio2010\FYP\MoveIt\MoveIt\Debug\link.1580.write.1.tlog
D:\ProgramData\VisualStudio2010\FYP\MoveIt\MoveIt\Debug\link.1580-cvtres.read.1.tlog
D:\ProgramData\VisualStudio2010\FYP\MoveIt\MoveIt\Debug\link.1580-cvtres.write.1.tlog
D:\ProgramData\VisualStudio2010\FYP\MoveIt\MoveIt\Debug\link.2404.read.1.tlog
D:\ProgramData\VisualStudio2010\FYP\MoveIt\MoveIt\Debug\link.2404.write.1.tlog
D:\ProgramData\VisualStudio2010\FYP\MoveIt\MoveIt\Debug\link.2404-cvtres.read.1.tlog
D:\ProgramData\VisualStudio2010\FYP\MoveIt\MoveIt\Debug\link.2404-cvtres.write.1.tlog
D:\ProgramData\VisualStudio2010\FYP\MoveIt\MoveIt\Debug\link.3500.read.1.tlog
D:\ProgramData\VisualStudio2010\FYP\MoveIt\MoveIt\Debug\link.3500.write.1.tlog
D:\ProgramData\VisualStudio2010\FYP\MoveIt\MoveIt\Debug\link.3500-cvtres.read.1.tlog
D:\ProgramData\VisualStudio2010\FYP\MoveIt\MoveIt\Debug\link.3500-cvtres.write.1.tlog
D:\ProgramData\VisualStudio2010\FYP\MoveIt\MoveIt\Debug\link.3820.read.1.tlog
D:\ProgramData\VisualStudio2010\FYP\MoveIt\MoveIt\Debug\link.3820.write.1.tlog
D:\ProgramData\VisualStudio2010\FYP\MoveIt\MoveIt\Debug\link.3820-cvtres.read.1.tlog
D:\ProgramData\VisualStudio2010\FYP\MoveIt\MoveIt\Debug\link.3820-cvtres.write.1.tlog
D:\ProgramData\VisualStudio2010\FYP\MoveIt\MoveIt\Debug\link.4188.read.1.tlog
D:\ProgramData\VisualStudio2010\FYP\MoveIt\MoveIt\Debug\link.4188.write.1.tlog
D:\ProgramData\VisualStudio2010\FYP\MoveIt\MoveIt\Debug\link.4188-cvtres.read.1.tlog
D:\ProgramData\VisualStudio2010\FYP\MoveIt\MoveIt\Debug\link.4188-cvtres.write.1.tlog
D:\ProgramData\VisualStudio2010\FYP\MoveIt\MoveIt\Debug\link.4592.read.1.tlog
D:\ProgramData\VisualStudio2010\FYP\MoveIt\MoveIt\Debug\link.4592.write.1.tlog
D:\ProgramData\VisualStudio2010\FYP\MoveIt\MoveIt\Debug\link.4592-cvtres.read.1.tlog
D:\ProgramData\VisualStudio2010\FYP\MoveIt\MoveIt\Debug\link.4592-cvtres.write.1.tlog
D:\ProgramData\VisualStudio2010\FYP\MoveIt\MoveIt\Debug\link.5100.read.1.tlog
D:\ProgramData\VisualStudio2010\FYP\MoveIt\MoveIt\Debug\link.5100.write.1.tlog
D:\ProgramData\VisualStudio2010\FYP\MoveIt\MoveIt\Debug\link.5100-cvtres.read.1.tlog
D:\ProgramData\VisualStudio2010\FYP\MoveIt\MoveIt\Debug\link.5100-cvtres.write.1.tlog
D:\ProgramData\VisualStudio2010\FYP\MoveIt\MoveIt\Debug\link.5856.read.1.tlog
D:\ProgramData\VisualStudio2010\FYP\MoveIt\MoveIt\Debug\link.5856.write.1.tlog
D:\ProgramData\VisualStudio2010\FYP\MoveIt\MoveIt\Debug\link.5856-cvtres.read.1.tlog
D:\ProgramData\VisualStudio2010\FYP\MoveIt\MoveIt\Debug\link.5856-cvtres.write.1.tlog
D:\ProgramData\VisualStudio2010\FYP\MoveIt\MoveIt\Debug\link.command.1.tlog
D:\ProgramData\VisualStudio2010\FYP\MoveIt\MoveIt\Debug\link.read.1.tlog
D:\ProgramData\VisualStudio2010\FYP\MoveIt\MoveIt\Debug\link.write.1.tlog
D:\ProgramData\VisualStudio2010\FYP\MoveIt\MoveIt\Debug\link-cvtres.read.1.tlog
D:\ProgramData\VisualStudio2010\FYP\MoveIt\MoveIt\Debug\link-cvtres.write.1.tlog
D:\PROGRAMDATA\VISUALSTUDIO2010\FYP\MOVEIT\MOVEIT\DEBUG\MOVEIT.EXE.EMBED.MANIFEST
D:\PROGRAMDATA\VISUALSTUDIO2010\FYP\MOVEIT\MOVEIT\DEBUG\MOVEIT.EXE.EMBED.MANIFEST.RES
D:\PROGRAMDATA\VISUALSTUDIO2010\FYP\MOVEIT\MOVEIT\DEBUG\MOVEIT.EXE.INTERMEDIATE.MANIFEST
D:\PROGRAMDATA\VISUALSTUDIO2010\FYP\MOVEIT\MOVEIT\DEBUG\MOVEIT.RES
D:\ProgramData\VisualStudio2010\FYP\MoveIt\MoveIt\Debug\MoveIt_manifest.rc
D:\ProgramData\VisualStudio2010\FYP\MoveIt\MoveIt\Debug\msxml6.tlh
D:\ProgramData\VisualStudio2010\FYP\MoveIt\MoveIt\Debug\mt.command.1.tlog
D:\ProgramData\VisualStudio2010\FYP\MoveIt\MoveIt\Debug\mt.read.1.tlog
D:\ProgramData\VisualStudio2010\FYP\MoveIt\MoveIt\Debug\mt.write.1.tlog
D:\PROGRAMDATA\VISUALSTUDIO2010\FYP\MOVEIT\MOVEIT\DEBUG\OGRE3D.OBJ
D:\PROGRAMDATA\VISUALSTUDIO2010\FYP\MOVEIT\MOVEIT\DEBUG\OGRE3DBASE.OBJ
D:\ProgramData\VisualStudio2010\FYP\MoveIt\MoveIt\Debug\rc.command.1.tlog
D:\ProgramData\VisualStudio2010\FYP\MoveIt\MoveIt\Debug\rc.read.1.tlog
D:\ProgramData\VisualStudio2010\FYP\MoveIt\MoveIt\Debug\rc.write.1.tlog
D:\ProgramData\VisualStudio2010\FYP\MoveIt\MoveIt\Debug\vc100.idb
D:\PROGRAMDATA\VISUALSTUDIO2010\FYP\MOVEIT\MOVEIT\DEBUG\VC100.PDB
