Build started 2012/11/6 星期二 22:29:38.
     1>Project "D:\ProgramData\VisualStudio2010\FYP\MoveIt\MoveIt\MoveIt.vcxproj" on node 2 (build target(s)).
     1>InitializeBuildStatus:
         Touching "Debug\MoveIt.unsuccessfulbuild".
       ClCompile:
         All outputs are up-to-date.
       ResourceCompile:
         All outputs are up-to-date.
       ManifestResourceCompile:
         All outputs are up-to-date.
       Link:
         All outputs are up-to-date.
       Manifest:
         All outputs are up-to-date.
       PostBuildEvent:
         copy "D:\ProgramData\VisualStudio2010\FYP\MoveIt\Debug\\MoveIt.exe" "D:\Program Files (x86)\OgreSDK\OgreSDK_vc10_v1-8-1\Bin\Debug"
         :VCEnd
         已复制         1 个文件。
       FinalizeBuildStatus:
         Deleting file "Debug\MoveIt.unsuccessfulbuild".
         Touching "Debug\MoveIt.lastbuildstate".
     1>Done Building Project "D:\ProgramData\VisualStudio2010\FYP\MoveIt\MoveIt\MoveIt.vcxproj" (build target(s)).

Build succeeded.

Time Elapsed 00:00:00.14
